<?xml version="1.0" encoding="UTF-8"?>
<!-- Generated by org.testng.reporters.JUnitReportReporter -->
<testsuite hostname="KRISSHNNAA" failures="0" tests="1" name="com.inetbanking.testcases.Tc_LoginTest_001" time="2.453" errors="0" timestamp="2021-04-28T22:37:21 IST" skipped="0">
  <testcase classname="com.inetbanking.testcases.Tc_LoginTest_001" name="loginTest" time="2.453"/>
  <system-out/>
</testsuite> <!-- com.inetbanking.testcases.Tc_LoginTest_001 -->
