<?xml version="1.0" encoding="UTF-8"?>
<!-- Generated by org.testng.reporters.JUnitReportReporter -->
<testsuite hostname="KRISSHNNAA" failures="0" tests="1" name="com.inetbanking.testcases.Tc_Addcustomer_002" time="14.734" errors="0" timestamp="2021-04-28T22:37:21 IST" skipped="0">
  <testcase classname="com.inetbanking.testcases.Tc_Addcustomer_002" name="addNewcustomer" time="14.734"/>
  <system-out/>
</testsuite> <!-- com.inetbanking.testcases.Tc_Addcustomer_002 -->
